ApiError: workspaceSlug is required
    at PATCH (webpack-internal:///(rsc)/./app/api/tasks/[taskId]/route.ts:196:35)
    at process.processTicksAndRejections (node:internal/process/task_queues:105:5)
    at async AppRouteRouteModule.do (C:\Users\harsh\OneDrive\Desktop\Task_Management\node_modules\next\dist\compiled\next-server\app-route.runtime.dev.js:24:33911)
    at async AppRouteRouteModule.handle (C:\Users\harsh\OneDrive\Desktop\Task_Management\node_modules\next\dist\compiled\next-server\app-route.runtime.dev.js:24:41240)
    at async doRender (C:\Users\harsh\OneDrive\Desktop\Task_Management\node_modules\next\dist\server\base-server.js:1517:42)
    at async responseGenerator (C:\Users\harsh\OneDrive\Desktop\Task_Management\node_modules\next\dist\server\base-server.js:1906:28)
    at async DevServer.renderToResponseWithComponentsImpl (C:\Users\harsh\OneDrive\Desktop\Task_Management\node_modules\next\dist\server\base-server.js:1917:28)
    at async DevServer.renderPageComponent (C:\Users\harsh\OneDrive\Desktop\Task_Management\node_modules\next\dist\server\base-server.js:2365:24)
    at async DevServer.renderToResponseImpl (C:\Users\harsh\OneDrive\Desktop\Task_Management\node_modules\next\dist\server\base-server.js:2402:32)
    at async DevServer.pipeImpl (C:\Users\harsh\OneDrive\Desktop\Task_Management\node_modules\next\dist\server\base-server.js:1009:25)
    at async NextNodeServer.handleCatchallRenderRequest (C:\Users\harsh\OneDrive\Desktop\Task_Management\node_modules\next\dist\server\next-server.js:301:17)
    at async DevServer.handleRequestImpl (C:\Users\harsh\OneDrive\Desktop\Task_Management\node_modules\next\dist\server\base-server.js:898:17)
    at async C:\Users\harsh\OneDrive\Desktop\Task_Management\node_modules\next\dist\server\dev\next-dev-server.js:371:20
    at async Span.traceAsyncFn (C:\Users\harsh\OneDrive\Desktop\Task_Management\node_modules\next\dist\trace\trace.js:157:20)
    at async DevServer.handleRequest (C:\Users\harsh\OneDrive\Desktop\Task_Management\node_modules\next\dist\server\dev\next-dev-server.js:368:24)
    at async invokeRender (C:\Users\harsh\OneDrive\Desktop\Task_Management\node_modules\next\dist\server\lib\router-server.js:234:21)
    at async handleRequest (C:\Users\harsh\OneDrive\Desktop\Task_Management\node_modules\next\dist\server\lib\router-server.js:422:24)
    at async requestHandlerImpl (C:\Users\harsh\OneDrive\Desktop\Task_Management\node_modules\next\dist\server\lib\router-server.js:446:13)
    at async Server.requestListener (C:\Users\harsh\OneDrive\Desktop\Task_Management\node_modules\next\dist\server\lib\start-server.js:158:13)